<?xml version="1.0" encoding="UTF-8"?>
<!-- Generated by org.testng.reporters.JUnitXMLReporter -->
<testsuite hostname="LAPTOP-6F62KJM9" ignored="0" name="Test" tests="2" failures="2" timestamp="2021-05-05T18:51:05 IST" time="0.068" errors="0">
  <testcase name="@AfterTest testcase5" time="0.001" classname="com.ui.testcase.Test1">
    <failure type="java.lang.NullPointerException">
      <![CDATA[java.lang.NullPointerException
at com.ui.testcase.Test1.testcase5(Test1.java:70)
... Removed 24 stack frames]]>
    </failure>
  </testcase> <!-- @AfterTest testcase5 -->
  <testcase name="testcase3" time="0.012" classname="com.ui.testcase.Test1">
    <failure type="java.lang.NullPointerException">
      <![CDATA[java.lang.NullPointerException
at com.ui.testcase.Test1.testcase3(Test1.java:59)
at java.util.ArrayList.forEach(ArrayList.java:1259)
... Removed 27 stack frames]]>
    </failure>
  </testcase> <!-- testcase3 -->
  <testcase name="testcase4" time="0.002" classname="com.ui.testcase.Test1">
    <failure type="java.lang.NullPointerException">
      <![CDATA[java.lang.NullPointerException
at com.ui.reporting.TestReporter.onTestSuccess(TestReporter.java:40)
at java.util.ArrayList.forEach(ArrayList.java:1259)
... Removed 24 stack frames]]>
    </failure>
  </testcase> <!-- testcase4 -->
</testsuite> <!-- Test -->
