<?xml version="1.0" encoding="UTF-8"?>
<testng-results skipped="0" failed="0" ignored="0" total="2" passed="2">
  <reporter-output>
  </reporter-output>
  <suite name="Default suite" duration-ms="54" started-at="2022-01-29T13:25:48 IST" finished-at="2022-01-29T13:25:48 IST">
    <groups>
    </groups>
    <test name="Default test" duration-ms="54" started-at="2022-01-29T13:25:48 IST" finished-at="2022-01-29T13:25:48 IST">
      <class name="com.chethan.test.FirstTest">
        <test-method status="PASS" signature="t1()[pri:0, instance:com.chethan.test.FirstTest@4e7dc304]" name="t1" duration-ms="8" started-at="2022-01-29T13:25:48 IST" finished-at="2022-01-29T13:25:48 IST">
          <reporter-output>
          </reporter-output>
        </test-method> <!-- t1 -->
        <test-method status="PASS" signature="t2()[pri:0, instance:com.chethan.test.FirstTest@4e7dc304]" name="t2" duration-ms="1" started-at="2022-01-29T13:25:48 IST" finished-at="2022-01-29T13:25:48 IST">
          <reporter-output>
          </reporter-output>
        </test-method> <!-- t2 -->
      </class> <!-- com.chethan.test.FirstTest -->
    </test> <!-- Default test -->
  </suite> <!-- Default suite -->
</testng-results>
